Info: Generated by version: 18.1.2 build 277
Info: Starting: Create block symbol file (.bsf)
Info: qsys-generate /mnt/lustrefs/orgs/boston/sahanb/13-synthesize_with_regenerated_fftIP/1-16_cube/md_lr/ip/fftIP/fftIP.ip --block-symbol-file --output-directory=/mnt/lustrefs/orgs/boston/sahanb/13-synthesize_with_regenerated_fftIP/1-16_cube/md_lr/ip/fftIP/fftIP --family="Stratix 10" --part=1SX280HN2F43E2VG
Info: fftIP.fft_ii_0: Radix-4 digit reverse implied
Info: qsys-generate succeeded.
Info: Finished: Create block symbol file (.bsf)
Info: 
Info: Starting: Create HDL design files for synthesis
Info: qsys-generate /mnt/lustrefs/orgs/boston/sahanb/13-synthesize_with_regenerated_fftIP/1-16_cube/md_lr/ip/fftIP/fftIP.ip --synthesis=VERILOG --output-directory=/mnt/lustrefs/orgs/boston/sahanb/13-synthesize_with_regenerated_fftIP/1-16_cube/md_lr/ip/fftIP/fftIP --family="Stratix 10" --part=1SX280HN2F43E2VG
Info: fftIP.fft_ii_0: Radix-4 digit reverse implied
Info: fftIP: "Transforming system: fftIP"
Info: fftIP: "Naming system components in system: fftIP"
Info: fftIP: "Processing generation queue"
Info: fftIP: "Generating: fftIP"
Info: fftIP: "Generating: fftIP_altera_fft_ii_181_iruogdq"
Info: fft_ii_0: --- add file: fftIP_altera_fft_ii_181_iruogdq_twifp1.hex
Info: fft_ii_0: --- add file: fftIP_altera_fft_ii_181_iruogdq_twqfp1.hex
Info: fft_ii_0: --- add file: fftIP_altera_fft_ii_181_iruogdq_twrfp1.hex
Info: fftIP: Done "fftIP" with 2 modules, 62 files
Info: qsys-generate succeeded.
Info: Finished: Create HDL design files for synthesis
